build/outputs/logs/manifest-merger-debug-report.txt
-- Merging decision tree log ---
manifest
ADDED from WT\AndroidManifest.xml:2:1-981:12
	package
		ADDED from WT\AndroidManifest.xml:4:11-40
	android:versionName
		ADDED from WT\AndroidManifest.xml:6:11-36
		INJECTED from WT\AndroidManifest.xml
		INJECTED from WT\AndroidManifest.xml
	xmlns:tools
		ADDED from WT\AndroidManifest.xml:3:11-57
	android:versionCode
		ADDED from WT\AndroidManifest.xml:5:11-35
		INJECTED from WT\AndroidManifest.xml
		INJECTED from WT\AndroidManifest.xml
	xmlns:android
		ADDED from WT\AndroidManifest.xml:2:11-69
uses-sdk
ADDED from WT\AndroidManifest.xml:8:5-13:11
MERGED from [com.android.support:multidex:1.0.1] AndroidManifest.xml:18:5-42
MERGED from [com.android.support:support-v4:24.2.0] AndroidManifest.xml:21:5-23:54
MERGED from [com.android.support:support-compat:24.2.0] AndroidManifest.xml:21:5-23:58
MERGED from [com.android.support:support-core-utils:24.2.0] AndroidManifest.xml:21:5-23:61
MERGED from [com.android.support:support-media-compat:24.2.0] AndroidManifest.xml:21:5-23:63
MERGED from [com.android.support:support-core-ui:24.2.0] AndroidManifest.xml:21:5-23:58
MERGED from [com.android.support:support-fragment:24.2.0] AndroidManifest.xml:21:5-23:60
MERGED from [com.android.support:recyclerview-v7:24.2.0] AndroidManifest.xml:20:5-43
MERGED from [com.jakewharton:butterknife:8.2.1] AndroidManifest.xml:5:5-43
	tools:overrideLibrary
		ADDED from [com.android.support:support-v4:24.2.0] AndroidManifest.xml:23:9-51
	android:targetSdkVersion
		ADDED from WT\AndroidManifest.xml:10:9-38
		INJECTED from WT\AndroidManifest.xml
		INJECTED from WT\AndroidManifest.xml
	tools:ignore
		ADDED from WT\AndroidManifest.xml:11:9-36
	android:minSdkVersion
		ADDED from WT\AndroidManifest.xml:9:9-35
uses-permission#android.permission.INTERNET
ADDED from WT\AndroidManifest.xml:15:5-66
	android:name
		ADDED from WT\AndroidManifest.xml:15:22-64
uses-permission#android.permission.ACCESS_NETWORK_STATE
ADDED from WT\AndroidManifest.xml:16:5-78
	android:name
		ADDED from WT\AndroidManifest.xml:16:22-76
uses-permission#android.permission.CALL_PHONE
ADDED from WT\AndroidManifest.xml:17:5-68
	android:name
		ADDED from WT\AndroidManifest.xml:17:22-66
uses-permission#android.permission.WRITE_EXTERNAL_STORAGE
ADDED from WT\AndroidManifest.xml:18:5-80
	android:name
		ADDED from WT\AndroidManifest.xml:18:22-78
uses-permission#android.permission.RECORD_AUDIO
ADDED from WT\AndroidManifest.xml:19:5-70
	android:name
		ADDED from WT\AndroidManifest.xml:19:22-68
uses-permission#android.permission.KILL_BACKGROUND_PROCESSES
ADDED from WT\AndroidManifest.xml:20:5-83
	android:name
		ADDED from WT\AndroidManifest.xml:20:22-81
permission#io.vtown.WeiTangApp.permission.JPUSH_MESSAGE
ADDED from WT\AndroidManifest.xml:22:5-24:46
	android:protectionLevel
		ADDED from WT\AndroidManifest.xml:24:9-44
	android:name
		ADDED from WT\AndroidManifest.xml:23:9-68
uses-permission#io.vtown.WeiTangApp.permission.JPUSH_MESSAGE
ADDED from WT\AndroidManifest.xml:26:5-83
	android:name
		ADDED from WT\AndroidManifest.xml:26:22-81
uses-permission#android.permission.RECEIVE_USER_PRESENT
ADDED from WT\AndroidManifest.xml:27:5-78
	android:name
		ADDED from WT\AndroidManifest.xml:27:22-76
uses-permission#android.permission.WAKE_LOCK
ADDED from WT\AndroidManifest.xml:28:5-67
	android:name
		ADDED from WT\AndroidManifest.xml:28:22-65
uses-permission#android.permission.READ_PHONE_STATE
ADDED from WT\AndroidManifest.xml:29:5-74
	android:name
		ADDED from WT\AndroidManifest.xml:29:22-72
uses-permission#android.permission.READ_EXTERNAL_STORAGE
ADDED from WT\AndroidManifest.xml:30:5-79
	android:name
		ADDED from WT\AndroidManifest.xml:30:22-77
uses-permission#android.permission.WRITE_SETTINGS
ADDED from WT\AndroidManifest.xml:31:5-72
	android:name
		ADDED from WT\AndroidManifest.xml:31:22-70
uses-permission#android.permission.VIBRATE
ADDED from WT\AndroidManifest.xml:32:5-65
	android:name
		ADDED from WT\AndroidManifest.xml:32:22-63
uses-permission#android.permission.MOUNT_UNMOUNT_FILESYSTEMS
ADDED from WT\AndroidManifest.xml:33:5-83
	android:name
		ADDED from WT\AndroidManifest.xml:33:22-81
uses-permission#android.permission.ACCESS_WIFI_STATE
ADDED from WT\AndroidManifest.xml:34:5-75
	android:name
		ADDED from WT\AndroidManifest.xml:34:22-73
uses-permission#android.permission.SYSTEM_ALERT_WINDOW
ADDED from WT\AndroidManifest.xml:35:5-77
	android:name
		ADDED from WT\AndroidManifest.xml:35:22-75
uses-permission#android.permission.ACCESS_COARSE_LOCATION
ADDED from WT\AndroidManifest.xml:36:5-80
	android:name
		ADDED from WT\AndroidManifest.xml:36:22-78
uses-permission#android.permission.CHANGE_WIFI_STATE
ADDED from WT\AndroidManifest.xml:37:5-75
	android:name
		ADDED from WT\AndroidManifest.xml:37:22-73
uses-permission#android.permission.ACCESS_FINE_LOCATION
ADDED from WT\AndroidManifest.xml:38:5-78
	android:name
		ADDED from WT\AndroidManifest.xml:38:22-76
uses-permission#android.permission.ACCESS_LOCATION_EXTRA_COMMANDS
ADDED from WT\AndroidManifest.xml:39:5-88
	android:name
		ADDED from WT\AndroidManifest.xml:39:22-86
uses-permission#android.permission.CHANGE_NETWORK_STATE
ADDED from WT\AndroidManifest.xml:40:5-78
	android:name
		ADDED from WT\AndroidManifest.xml:40:22-76
uses-permission#android.permission.CAMERA
ADDED from WT\AndroidManifest.xml:42:5-64
	android:name
		ADDED from WT\AndroidManifest.xml:42:22-62
permission#io.vtown.WeiTangApp.jpushdemo.permission.JPUSH_MESSAGE
ADDED from WT\AndroidManifest.xml:45:5-47:46
	android:protectionLevel
		ADDED from WT\AndroidManifest.xml:47:9-44
	android:name
		ADDED from WT\AndroidManifest.xml:46:9-78
uses-permission#io.vtown.WeiTangApp.jpushdemo.permission.JPUSH_MESSAGE
ADDED from WT\AndroidManifest.xml:49:5-93
	android:name
		ADDED from WT\AndroidManifest.xml:49:22-91
uses-permission#android.permission.FLASHLIGHT
ADDED from WT\AndroidManifest.xml:50:5-68
	android:name
		ADDED from WT\AndroidManifest.xml:50:22-66
uses-permission#android.permission.READ_CONTACTS
ADDED from WT\AndroidManifest.xml:51:5-71
	android:name
		ADDED from WT\AndroidManifest.xml:51:22-69
uses-permission#com.android.browser.permission.READ_HISTORY_BOOKMARKS
ADDED from WT\AndroidManifest.xml:52:5-92
	android:name
		ADDED from WT\AndroidManifest.xml:52:22-90
uses-permission#android.permission.MANAGE_ACCOUNTS
ADDED from WT\AndroidManifest.xml:61:5-73
	android:name
		ADDED from WT\AndroidManifest.xml:61:22-71
uses-permission#android.permission.GET_ACCOUNTS
ADDED from WT\AndroidManifest.xml:62:5-70
	android:name
		ADDED from WT\AndroidManifest.xml:62:22-68
uses-permission#android.permission.GET_TASKS
ADDED from WT\AndroidManifest.xml:63:5-67
	android:name
		ADDED from WT\AndroidManifest.xml:63:22-65
uses-feature#android.hardware.camera
ADDED from WT\AndroidManifest.xml:69:5-71:35
	android:required
		ADDED from WT\AndroidManifest.xml:71:9-33
	android:name
		ADDED from WT\AndroidManifest.xml:70:9-47
uses-feature#android.hardware.camera.front
ADDED from WT\AndroidManifest.xml:72:5-74:35
	android:required
		ADDED from WT\AndroidManifest.xml:74:9-33
	android:name
		ADDED from WT\AndroidManifest.xml:73:9-53
uses-feature#android.hardware.camera.autofocus
ADDED from WT\AndroidManifest.xml:75:5-77:35
	android:required
		ADDED from WT\AndroidManifest.xml:77:9-33
	android:name
		ADDED from WT\AndroidManifest.xml:76:9-57
uses-feature#android.hardware.camera.flash
ADDED from WT\AndroidManifest.xml:78:5-80:35
	android:required
		ADDED from WT\AndroidManifest.xml:80:9-33
	android:name
		ADDED from WT\AndroidManifest.xml:79:9-53
uses-feature#android.hardware.screen.landscape
ADDED from WT\AndroidManifest.xml:81:5-69
	android:name
		ADDED from WT\AndroidManifest.xml:81:19-67
uses-feature#android.hardware.wifi
ADDED from WT\AndroidManifest.xml:82:5-84:35
	android:required
		ADDED from WT\AndroidManifest.xml:84:9-33
	android:name
		ADDED from WT\AndroidManifest.xml:83:9-45
uses-feature#android.hardware.touchscreen
ADDED from WT\AndroidManifest.xml:85:5-87:35
	android:required
		ADDED from WT\AndroidManifest.xml:87:9-33
	android:name
		ADDED from WT\AndroidManifest.xml:86:9-52
supports-screens
ADDED from WT\AndroidManifest.xml:106:5-111:38
	android:largeScreens
		ADDED from WT\AndroidManifest.xml:108:9-36
	android:smallScreens
		ADDED from WT\AndroidManifest.xml:111:9-36
	android:normalScreens
		ADDED from WT\AndroidManifest.xml:109:9-37
	android:resizeable
		ADDED from WT\AndroidManifest.xml:110:9-34
	android:anyDensity
		ADDED from WT\AndroidManifest.xml:107:9-34
application
ADDED from WT\AndroidManifest.xml:117:5-979:19
MERGED from [com.android.support:support-v4:24.2.0] AndroidManifest.xml:25:5-20
MERGED from [com.android.support:support-compat:24.2.0] AndroidManifest.xml:25:5-20
MERGED from [com.android.support:support-core-utils:24.2.0] AndroidManifest.xml:25:5-20
MERGED from [com.android.support:support-media-compat:24.2.0] AndroidManifest.xml:25:5-20
MERGED from [com.android.support:support-core-ui:24.2.0] AndroidManifest.xml:25:5-20
MERGED from [com.android.support:support-fragment:24.2.0] AndroidManifest.xml:25:5-20
	android:label
		ADDED from WT\AndroidManifest.xml:120:9-41
	android:icon
		ADDED from WT\AndroidManifest.xml:119:9-45
	android:theme
		ADDED from WT\AndroidManifest.xml:121:9-40
	android:name
		ADDED from WT\AndroidManifest.xml:118:9-40
uses-library#android.test.runner
ADDED from WT\AndroidManifest.xml:122:9-59
	android:name
		ADDED from WT\AndroidManifest.xml:122:23-57
activity#io.vtown.WeiTangApp.ui.ALoading
ADDED from WT\AndroidManifest.xml:124:9-138:20
	android:screenOrientation
		ADDED from WT\AndroidManifest.xml:127:13-49
	android:label
		ADDED from WT\AndroidManifest.xml:126:13-45
	android:name
		ADDED from WT\AndroidManifest.xml:125:13-40
intent-filter#android.intent.action.MAIN+android.intent.category.LAUNCHER
ADDED from WT\AndroidManifest.xml:128:13-132:29
action#android.intent.action.MAIN
ADDED from WT\AndroidManifest.xml:129:17-68
	android:name
		ADDED from WT\AndroidManifest.xml:129:25-66
category#android.intent.category.LAUNCHER
ADDED from WT\AndroidManifest.xml:131:17-76
	android:name
		ADDED from WT\AndroidManifest.xml:131:27-74
intent-filter#android.intent.category.BROWSABLE
ADDED from WT\AndroidManifest.xml:133:13-137:29
category#android.intent.category.BROWSABLE
ADDED from WT\AndroidManifest.xml:134:17-77
	android:name
		ADDED from WT\AndroidManifest.xml:134:27-75
data
ADDED from WT\AndroidManifest.xml:136:17-49
	android:scheme
		ADDED from WT\AndroidManifest.xml:136:23-47
activity#io.vtown.WeiTangApp.ui.ui.AMain
ADDED from WT\AndroidManifest.xml:139:9-142:61
	android:screenOrientation
		ADDED from WT\AndroidManifest.xml:142:13-49
	android:launchMode
		ADDED from WT\AndroidManifest.xml:141:13-44
	android:name
		ADDED from WT\AndroidManifest.xml:140:13-40
activity#io.vtown.WeiTangApp.ui.AExitNull
ADDED from WT\AndroidManifest.xml:143:9-146:61
	android:screenOrientation
		ADDED from WT\AndroidManifest.xml:146:13-49
	android:launchMode
		ADDED from WT\AndroidManifest.xml:145:13-44
	android:name
		ADDED from WT\AndroidManifest.xml:144:13-41
activity#io.vtown.WeiTangApp.ui.ui.AShop
ADDED from WT\AndroidManifest.xml:147:9-150:61
	android:screenOrientation
		ADDED from WT\AndroidManifest.xml:150:13-49
	android:launchMode
		ADDED from WT\AndroidManifest.xml:149:13-44
	android:name
		ADDED from WT\AndroidManifest.xml:148:13-40
activity#io.vtown.WeiTangApp.ui.ui.AShow
ADDED from WT\AndroidManifest.xml:151:9-154:61
	android:screenOrientation
		ADDED from WT\AndroidManifest.xml:154:13-49
	android:launchMode
		ADDED from WT\AndroidManifest.xml:153:13-44
	android:name
		ADDED from WT\AndroidManifest.xml:152:13-40
activity#io.vtown.WeiTangApp.ui.title.AShopBus
ADDED from WT\AndroidManifest.xml:155:9-158:61
	android:screenOrientation
		ADDED from WT\AndroidManifest.xml:158:13-49
	android:launchMode
		ADDED from WT\AndroidManifest.xml:157:13-44
	android:name
		ADDED from WT\AndroidManifest.xml:156:13-46
activity#io.vtown.WeiTangApp.ui.title.ACenter
ADDED from WT\AndroidManifest.xml:159:9-162:61
	android:screenOrientation
		ADDED from WT\AndroidManifest.xml:162:13-49
	android:launchMode
		ADDED from WT\AndroidManifest.xml:161:13-44
	android:name
		ADDED from WT\AndroidManifest.xml:160:13-45
activity#io.vtown.WeiTangApp.ui.ui.ASouSouGood
ADDED from WT\AndroidManifest.xml:163:9-166:61
	android:screenOrientation
		ADDED from WT\AndroidManifest.xml:166:13-49
	android:launchMode
		ADDED from WT\AndroidManifest.xml:165:13-44
	android:name
		ADDED from WT\AndroidManifest.xml:164:13-46
activity#io.vtown.WeiTangApp.ui.ui.ASouSouShop
ADDED from WT\AndroidManifest.xml:167:9-170:61
	android:screenOrientation
		ADDED from WT\AndroidManifest.xml:170:13-49
	android:launchMode
		ADDED from WT\AndroidManifest.xml:169:13-44
	android:name
		ADDED from WT\AndroidManifest.xml:168:13-46
activity#io.vtown.WeiTangApp.ui.comment.ACommentList
ADDED from WT\AndroidManifest.xml:171:9-174:61
	android:screenOrientation
		ADDED from WT\AndroidManifest.xml:174:13-49
	android:launchMode
		ADDED from WT\AndroidManifest.xml:173:13-44
	android:name
		ADDED from WT\AndroidManifest.xml:172:13-52
activity#io.vtown.WeiTangApp.ui.comment.ACommentGrad
ADDED from WT\AndroidManifest.xml:175:9-178:61
	android:screenOrientation
		ADDED from WT\AndroidManifest.xml:178:13-49
	android:launchMode
		ADDED from WT\AndroidManifest.xml:177:13-44
	android:name
		ADDED from WT\AndroidManifest.xml:176:13-52
activity#io.vtown.WeiTangApp.ui.comment.AWeb
ADDED from WT\AndroidManifest.xml:179:9-182:61
	android:screenOrientation
		ADDED from WT\AndroidManifest.xml:182:13-49
	android:launchMode
		ADDED from WT\AndroidManifest.xml:181:13-44
	android:name
		ADDED from WT\AndroidManifest.xml:180:13-44
activity#io.vtown.WeiTangApp.ui.title.ABrandDetail
ADDED from WT\AndroidManifest.xml:183:9-186:61
	android:screenOrientation
		ADDED from WT\AndroidManifest.xml:186:13-49
	android:launchMode
		ADDED from WT\AndroidManifest.xml:185:13-44
	android:name
		ADDED from WT\AndroidManifest.xml:184:13-50
activity#io.vtown.WeiTangApp.ui.ui.AGoodSort
ADDED from WT\AndroidManifest.xml:187:9-190:61
	android:screenOrientation
		ADDED from WT\AndroidManifest.xml:190:13-49
	android:launchMode
		ADDED from WT\AndroidManifest.xml:189:13-44
	android:name
		ADDED from WT\AndroidManifest.xml:188:13-44
activity#io.vtown.WeiTangApp.ui.afragment.AShopOderManage
ADDED from WT\AndroidManifest.xml:191:9-194:61
	android:screenOrientation
		ADDED from WT\AndroidManifest.xml:194:13-49
	android:launchMode
		ADDED from WT\AndroidManifest.xml:193:13-44
	android:name
		ADDED from WT\AndroidManifest.xml:192:13-57
activity#io.vtown.WeiTangApp.ui.afragment.AShopPurchase
ADDED from WT\AndroidManifest.xml:195:9-198:61
	android:screenOrientation
		ADDED from WT\AndroidManifest.xml:198:13-49
	android:launchMode
		ADDED from WT\AndroidManifest.xml:197:13-44
	android:name
		ADDED from WT\AndroidManifest.xml:196:13-55
activity#io.vtown.WeiTangApp.ui.title.APay
ADDED from WT\AndroidManifest.xml:199:9-202:61
	android:screenOrientation
		ADDED from WT\AndroidManifest.xml:202:13-49
	android:launchMode
		ADDED from WT\AndroidManifest.xml:201:13-44
	android:name
		ADDED from WT\AndroidManifest.xml:200:13-42
activity#io.vtown.WeiTangApp.wxapi.WXPayEntryActivity
ADDED from WT\AndroidManifest.xml:203:9-206:45
	android:launchMode
		ADDED from WT\AndroidManifest.xml:206:13-43
	android:exported
		ADDED from WT\AndroidManifest.xml:205:13-36
	android:name
		ADDED from WT\AndroidManifest.xml:204:13-53
activity#io.vtown.WeiTangApp.ui.title.shop.channel.AChannel
ADDED from WT\AndroidManifest.xml:207:9-210:61
	android:screenOrientation
		ADDED from WT\AndroidManifest.xml:210:13-49
	android:launchMode
		ADDED from WT\AndroidManifest.xml:209:13-44
	android:name
		ADDED from WT\AndroidManifest.xml:208:13-59
activity#io.vtown.WeiTangApp.ui.title.shop.ABrandDaiLi
ADDED from WT\AndroidManifest.xml:211:9-214:61
	android:screenOrientation
		ADDED from WT\AndroidManifest.xml:214:13-49
	android:launchMode
		ADDED from WT\AndroidManifest.xml:213:13-44
	android:name
		ADDED from WT\AndroidManifest.xml:212:13-54
activity#io.vtown.WeiTangApp.ui.title.shop.addgood.ANewAddGood
ADDED from WT\AndroidManifest.xml:216:9-218:51
	android:screenOrientation
		ADDED from WT\AndroidManifest.xml:218:13-49
	android:name
		ADDED from WT\AndroidManifest.xml:217:13-62
activity#io.vtown.WeiTangApp.ui.title.shop.addgood.AAddGoodRule
ADDED from WT\AndroidManifest.xml:219:9-222:61
	android:screenOrientation
		ADDED from WT\AndroidManifest.xml:222:13-49
	android:launchMode
		ADDED from WT\AndroidManifest.xml:221:13-44
	android:name
		ADDED from WT\AndroidManifest.xml:220:13-63
activity#io.vtown.WeiTangApp.ui.afragment.AShopGoodManger
ADDED from WT\AndroidManifest.xml:223:9-226:61
	android:screenOrientation
		ADDED from WT\AndroidManifest.xml:226:13-49
	android:launchMode
		ADDED from WT\AndroidManifest.xml:225:13-44
	android:name
		ADDED from WT\AndroidManifest.xml:224:13-57
activity#io.vtown.WeiTangApp.ui.title.shop.channel.ABeJunior
ADDED from WT\AndroidManifest.xml:231:9-234:61
	android:screenOrientation
		ADDED from WT\AndroidManifest.xml:234:13-49
	android:launchMode
		ADDED from WT\AndroidManifest.xml:233:13-44
	android:name
		ADDED from WT\AndroidManifest.xml:232:13-60
activity#io.vtown.WeiTangApp.ui.title.shop.channel.ADevelopJunior
ADDED from WT\AndroidManifest.xml:235:9-238:61
	android:screenOrientation
		ADDED from WT\AndroidManifest.xml:238:13-49
	android:launchMode
		ADDED from WT\AndroidManifest.xml:237:13-44
	android:name
		ADDED from WT\AndroidManifest.xml:236:13-65
activity#io.vtown.WeiTangApp.ui.title.shop.channel.AInviteSuperior
ADDED from WT\AndroidManifest.xml:239:9-242:61
	android:screenOrientation
		ADDED from WT\AndroidManifest.xml:242:13-49
	android:launchMode
		ADDED from WT\AndroidManifest.xml:241:13-44
	android:name
		ADDED from WT\AndroidManifest.xml:240:13-66
activity#io.vtown.WeiTangApp.ui.title.shop.channel.AInviteRecord
ADDED from WT\AndroidManifest.xml:243:9-246:61
	android:screenOrientation
		ADDED from WT\AndroidManifest.xml:246:13-49
	android:launchMode
		ADDED from WT\AndroidManifest.xml:245:13-44
	android:name
		ADDED from WT\AndroidManifest.xml:244:13-64
activity#io.vtown.WeiTangApp.ui.title.shop.channel.AMySuperior
ADDED from WT\AndroidManifest.xml:247:9-250:61
	android:screenOrientation
		ADDED from WT\AndroidManifest.xml:250:13-49
	android:launchMode
		ADDED from WT\AndroidManifest.xml:249:13-44
	android:name
		ADDED from WT\AndroidManifest.xml:248:13-62
activity#io.vtown.WeiTangApp.ui.title.shop.channel.AQRCode
ADDED from WT\AndroidManifest.xml:251:9-254:61
	android:screenOrientation
		ADDED from WT\AndroidManifest.xml:254:13-49
	android:launchMode
		ADDED from WT\AndroidManifest.xml:253:13-44
	android:name
		ADDED from WT\AndroidManifest.xml:252:13-58
activity#io.vtown.WeiTangApp.ui.comment.AVidemplay
ADDED from WT\AndroidManifest.xml:255:9-258:61
	android:screenOrientation
		ADDED from WT\AndroidManifest.xml:258:13-49
	android:launchMode
		ADDED from WT\AndroidManifest.xml:257:13-44
	android:name
		ADDED from WT\AndroidManifest.xml:256:13-50
activity#io.vtown.WeiTangApp.ui.ui.AShopDetail
ADDED from WT\AndroidManifest.xml:259:9-262:61
	android:screenOrientation
		ADDED from WT\AndroidManifest.xml:262:13-49
	android:launchMode
		ADDED from WT\AndroidManifest.xml:261:13-44
	android:name
		ADDED from WT\AndroidManifest.xml:260:13-46
activity#io.vtown.WeiTangApp.ui.afragment.ACenterOder
ADDED from WT\AndroidManifest.xml:263:9-266:61
	android:screenOrientation
		ADDED from WT\AndroidManifest.xml:266:13-49
	android:launchMode
		ADDED from WT\AndroidManifest.xml:265:13-44
	android:name
		ADDED from WT\AndroidManifest.xml:264:13-53
activity#io.vtown.WeiTangApp.ui.title.center.wallet.ACenterWallet
ADDED from WT\AndroidManifest.xml:267:9-269:61
	android:screenOrientation
		ADDED from WT\AndroidManifest.xml:269:13-49
	android:name
		ADDED from WT\AndroidManifest.xml:268:13-65
activity#io.vtown.WeiTangApp.ui.title.center.myshow.ACenterShow
ADDED from WT\AndroidManifest.xml:270:9-273:61
	android:screenOrientation
		ADDED from WT\AndroidManifest.xml:273:13-49
	android:launchMode
		ADDED from WT\AndroidManifest.xml:272:13-44
	android:name
		ADDED from WT\AndroidManifest.xml:271:13-63
activity#io.vtown.WeiTangApp.ui.title.center.wallet.ATiXian
ADDED from WT\AndroidManifest.xml:279:9-281:61
	android:screenOrientation
		ADDED from WT\AndroidManifest.xml:281:13-49
	android:name
		ADDED from WT\AndroidManifest.xml:280:13-59
activity#io.vtown.WeiTangApp.ui.title.AGoodDetail
ADDED from WT\AndroidManifest.xml:282:9-285:61
	android:screenOrientation
		ADDED from WT\AndroidManifest.xml:285:13-49
	android:name
		ADDED from WT\AndroidManifest.xml:283:13-49
activity#io.vtown.WeiTangApp.ui.title.center.wallet.ABankCardManager
ADDED from WT\AndroidManifest.xml:286:9-288:61
	android:screenOrientation
		ADDED from WT\AndroidManifest.xml:288:13-49
	android:name
		ADDED from WT\AndroidManifest.xml:287:13-68
activity#io.vtown.WeiTangApp.ui.title.center.wallet.APropertyDetail
ADDED from WT\AndroidManifest.xml:289:9-292:61
	android:screenOrientation
		ADDED from WT\AndroidManifest.xml:292:13-49
	android:launchMode
		ADDED from WT\AndroidManifest.xml:291:13-44
	android:name
		ADDED from WT\AndroidManifest.xml:290:13-67
activity#io.vtown.WeiTangApp.ui.title.center.wallet.AAddBankCard
ADDED from WT\AndroidManifest.xml:293:9-295:61
	android:screenOrientation
		ADDED from WT\AndroidManifest.xml:295:13-49
	android:name
		ADDED from WT\AndroidManifest.xml:294:13-64
activity#io.vtown.WeiTangApp.ui.title.center.wallet.AAlipayManager
ADDED from WT\AndroidManifest.xml:296:9-299:61
	android:screenOrientation
		ADDED from WT\AndroidManifest.xml:299:13-49
	android:launchMode
		ADDED from WT\AndroidManifest.xml:298:13-44
	android:name
		ADDED from WT\AndroidManifest.xml:297:13-66
activity#io.vtown.WeiTangApp.ui.title.center.wallet.AAddAliPay
ADDED from WT\AndroidManifest.xml:300:9-303:61
	android:screenOrientation
		ADDED from WT\AndroidManifest.xml:303:13-49
	android:launchMode
		ADDED from WT\AndroidManifest.xml:302:13-44
	android:name
		ADDED from WT\AndroidManifest.xml:301:13-62
activity#io.vtown.WeiTangApp.ui.title.center.set.AAboutWt
ADDED from WT\AndroidManifest.xml:304:9-307:61
	android:screenOrientation
		ADDED from WT\AndroidManifest.xml:307:13-49
	android:launchMode
		ADDED from WT\AndroidManifest.xml:306:13-44
	android:name
		ADDED from WT\AndroidManifest.xml:305:13-57
activity#io.vtown.WeiTangApp.ui.title.center.set.AAccountSafe
ADDED from WT\AndroidManifest.xml:308:9-311:61
	android:screenOrientation
		ADDED from WT\AndroidManifest.xml:311:13-49
	android:launchMode
		ADDED from WT\AndroidManifest.xml:310:13-44
	android:name
		ADDED from WT\AndroidManifest.xml:309:13-61
activity#io.vtown.WeiTangApp.ui.title.center.set.AAddConsigneeAddress
ADDED from WT\AndroidManifest.xml:312:9-314:61
	android:screenOrientation
		ADDED from WT\AndroidManifest.xml:314:13-49
	android:name
		ADDED from WT\AndroidManifest.xml:313:13-69
activity#io.vtown.WeiTangApp.ui.title.center.set.AAddressManage
ADDED from WT\AndroidManifest.xml:315:9-317:61
	android:screenOrientation
		ADDED from WT\AndroidManifest.xml:317:13-49
	android:name
		ADDED from WT\AndroidManifest.xml:316:13-63
activity#io.vtown.WeiTangApp.ui.title.center.set.AAuthentication
ADDED from WT\AndroidManifest.xml:318:9-321:61
	android:screenOrientation
		ADDED from WT\AndroidManifest.xml:321:13-49
	android:launchMode
		ADDED from WT\AndroidManifest.xml:320:13-44
	android:name
		ADDED from WT\AndroidManifest.xml:319:13-64
activity#io.vtown.WeiTangApp.ui.title.center.set.APersonalData
ADDED from WT\AndroidManifest.xml:322:9-325:61
	android:screenOrientation
		ADDED from WT\AndroidManifest.xml:325:13-49
	android:launchMode
		ADDED from WT\AndroidManifest.xml:324:13-44
	android:name
		ADDED from WT\AndroidManifest.xml:323:13-62
activity#io.vtown.WeiTangApp.ui.title.center.set.AResetPswStep1
ADDED from WT\AndroidManifest.xml:326:9-329:61
	android:screenOrientation
		ADDED from WT\AndroidManifest.xml:329:13-49
	android:launchMode
		ADDED from WT\AndroidManifest.xml:328:13-44
	android:name
		ADDED from WT\AndroidManifest.xml:327:13-63
activity#io.vtown.WeiTangApp.ui.title.center.set.AResetPswStep2
ADDED from WT\AndroidManifest.xml:330:9-333:61
	android:screenOrientation
		ADDED from WT\AndroidManifest.xml:333:13-49
	android:launchMode
		ADDED from WT\AndroidManifest.xml:332:13-44
	android:name
		ADDED from WT\AndroidManifest.xml:331:13-63
activity#io.vtown.WeiTangApp.wxapi.AH5Pay
ADDED from WT\AndroidManifest.xml:334:9-337:61
	android:screenOrientation
		ADDED from WT\AndroidManifest.xml:337:13-49
	android:launchMode
		ADDED from WT\AndroidManifest.xml:336:13-44
	android:name
		ADDED from WT\AndroidManifest.xml:335:13-41
activity#io.vtown.WeiTangApp.ui.title.account.AOderBeing
ADDED from WT\AndroidManifest.xml:338:9-340:61
	android:screenOrientation
		ADDED from WT\AndroidManifest.xml:340:13-49
	android:name
		ADDED from WT\AndroidManifest.xml:339:13-56
activity#io.vtown.WeiTangApp.ui.title.shop.center.AShopData
ADDED from WT\AndroidManifest.xml:341:9-343:61
	android:screenOrientation
		ADDED from WT\AndroidManifest.xml:343:13-49
	android:name
		ADDED from WT\AndroidManifest.xml:342:13-59
activity#io.vtown.WeiTangApp.ui.title.shop.center.AShopDataEdit
ADDED from WT\AndroidManifest.xml:344:9-346:61
	android:screenOrientation
		ADDED from WT\AndroidManifest.xml:346:13-49
	android:name
		ADDED from WT\AndroidManifest.xml:345:13-63
activity#io.vtown.WeiTangApp.ui.comment.AphotoPager
ADDED from WT\AndroidManifest.xml:349:9-352:61
	android:screenOrientation
		ADDED from WT\AndroidManifest.xml:352:13-49
	android:launchMode
		ADDED from WT\AndroidManifest.xml:351:13-44
	android:name
		ADDED from WT\AndroidManifest.xml:350:13-51
activity#io.vtown.WeiTangApp.ui.title.loginregist.ALogin
ADDED from WT\AndroidManifest.xml:353:9-357:61
	android:screenOrientation
		ADDED from WT\AndroidManifest.xml:357:13-49
	android:launchMode
		ADDED from WT\AndroidManifest.xml:355:13-44
	android:name
		ADDED from WT\AndroidManifest.xml:354:13-56
activity#io.vtown.WeiTangApp.ui.title.loginregist.AInviteAndApprove
ADDED from WT\AndroidManifest.xml:358:9-360:61
	android:screenOrientation
		ADDED from WT\AndroidManifest.xml:360:13-49
	android:name
		ADDED from WT\AndroidManifest.xml:359:13-67
activity#io.vtown.WeiTangApp.ui.title.shop.odermanger.AOderDetail
ADDED from WT\AndroidManifest.xml:361:9-364:61
	android:screenOrientation
		ADDED from WT\AndroidManifest.xml:364:13-49
	android:launchMode
		ADDED from WT\AndroidManifest.xml:363:13-44
	android:name
		ADDED from WT\AndroidManifest.xml:362:13-65
activity#io.vtown.WeiTangApp.ui.title.shop.odermanger.ADaifaOrderModify
ADDED from WT\AndroidManifest.xml:365:9-367:61
	android:screenOrientation
		ADDED from WT\AndroidManifest.xml:367:13-49
	android:name
		ADDED from WT\AndroidManifest.xml:366:13-71
activity#io.vtown.WeiTangApp.ui.title.shop.odermanger.ADaifuOrderModify
ADDED from WT\AndroidManifest.xml:373:9-375:61
	android:screenOrientation
		ADDED from WT\AndroidManifest.xml:375:13-49
	android:name
		ADDED from WT\AndroidManifest.xml:374:13-71
activity#io.vtown.WeiTangApp.ui.title.ABrandJoin
ADDED from WT\AndroidManifest.xml:376:9-379:61
	android:screenOrientation
		ADDED from WT\AndroidManifest.xml:379:13-49
	android:launchMode
		ADDED from WT\AndroidManifest.xml:378:13-44
	android:name
		ADDED from WT\AndroidManifest.xml:377:13-48
activity#io.vtown.WeiTangApp.ui.title.AApplyProxy
ADDED from WT\AndroidManifest.xml:380:9-383:61
	android:screenOrientation
		ADDED from WT\AndroidManifest.xml:383:13-49
	android:launchMode
		ADDED from WT\AndroidManifest.xml:382:13-44
	android:name
		ADDED from WT\AndroidManifest.xml:381:13-49
activity#io.vtown.WeiTangApp.ui.title.center.mycoupons.AMyCoupons
ADDED from WT\AndroidManifest.xml:384:9-386:61
	android:screenOrientation
		ADDED from WT\AndroidManifest.xml:386:13-49
	android:name
		ADDED from WT\AndroidManifest.xml:385:13-65
activity#io.vtown.WeiTangApp.ui.title.loginregist.AInviteCode
ADDED from WT\AndroidManifest.xml:387:9-390:61
	android:screenOrientation
		ADDED from WT\AndroidManifest.xml:390:13-49
	android:launchMode
		ADDED from WT\AndroidManifest.xml:389:13-44
	android:name
		ADDED from WT\AndroidManifest.xml:388:13-61
activity#io.vtown.WeiTangApp.ui.title.loginregist.ARealIdauth
ADDED from WT\AndroidManifest.xml:391:9-394:61
	android:screenOrientation
		ADDED from WT\AndroidManifest.xml:394:13-49
	android:launchMode
		ADDED from WT\AndroidManifest.xml:393:13-44
	android:name
		ADDED from WT\AndroidManifest.xml:392:13-61
activity#io.vtown.WeiTangApp.ui.title.account.ACashierDesk
ADDED from WT\AndroidManifest.xml:395:9-398:61
	android:screenOrientation
		ADDED from WT\AndroidManifest.xml:398:13-49
	android:launchMode
		ADDED from WT\AndroidManifest.xml:397:13-44
	android:name
		ADDED from WT\AndroidManifest.xml:396:13-58
activity#io.vtown.WeiTangApp.ui.title.shop.addgood.AGoodPreview
ADDED from WT\AndroidManifest.xml:399:9-402:61
	android:screenOrientation
		ADDED from WT\AndroidManifest.xml:402:13-49
	android:launchMode
		ADDED from WT\AndroidManifest.xml:401:13-44
	android:name
		ADDED from WT\AndroidManifest.xml:400:13-63
activity#io.vtown.WeiTangApp.ui.title.center.wallet.ASelectBank
ADDED from WT\AndroidManifest.xml:403:9-405:61
	android:screenOrientation
		ADDED from WT\AndroidManifest.xml:405:13-49
	android:name
		ADDED from WT\AndroidManifest.xml:404:13-63
activity#io.vtown.WeiTangApp.ui.title.center.wallet.AModifyAlipay
ADDED from WT\AndroidManifest.xml:406:9-409:61
	android:screenOrientation
		ADDED from WT\AndroidManifest.xml:409:13-49
	android:launchMode
		ADDED from WT\AndroidManifest.xml:408:13-44
	android:name
		ADDED from WT\AndroidManifest.xml:407:13-65
activity#io.vtown.WeiTangApp.ui.title.center.wallet.ABankCardOperation
ADDED from WT\AndroidManifest.xml:410:9-413:61
	android:screenOrientation
		ADDED from WT\AndroidManifest.xml:413:13-49
	android:launchMode